2020-09-26 23:10:43,426 INFO org.springframework.boot.test.context.SpringBootTestContextBootstrapper [main] Neither @ContextConfiguration nor @ContextHierarchy found for test class [com.sapient.training.app.SpringDataJpaAppApplicationTests], using SpringBootContextLoader
2020-09-26 23:10:43,429 INFO org.springframework.test.context.support.AbstractContextLoader [main] Could not detect default resource locations for test class [com.sapient.training.app.SpringDataJpaAppApplicationTests]: no resource found for suffixes {-context.xml, Context.groovy}.
2020-09-26 23:10:43,432 INFO org.springframework.test.context.support.AnnotationConfigContextLoaderUtils [main] Could not detect default configuration classes for test class [com.sapient.training.app.SpringDataJpaAppApplicationTests]: SpringDataJpaAppApplicationTests does not declare any static, non-private, non-final, nested classes annotated with @Configuration.
2020-09-26 23:10:43,567 INFO org.springframework.boot.test.context.SpringBootTestContextBootstrapper [main] Found @SpringBootConfiguration com.sapient.training.app.SpringDataJpaAppApplication for test class com.sapient.training.app.SpringDataJpaAppApplicationTests
2020-09-26 23:10:43,657 INFO org.springframework.boot.test.context.SpringBootTestContextBootstrapper [main] Loaded default TestExecutionListener class names from location [META-INF/spring.factories]: [org.springframework.boot.test.mock.mockito.MockitoTestExecutionListener, org.springframework.boot.test.mock.mockito.ResetMocksTestExecutionListener, org.springframework.boot.test.autoconfigure.restdocs.RestDocsTestExecutionListener, org.springframework.boot.test.autoconfigure.web.client.MockRestServiceServerResetTestExecutionListener, org.springframework.boot.test.autoconfigure.web.servlet.MockMvcPrintOnlyOnFailureTestExecutionListener, org.springframework.boot.test.autoconfigure.web.servlet.WebDriverTestExecutionListener, org.springframework.boot.test.autoconfigure.webservices.client.MockWebServiceServerTestExecutionListener, org.springframework.test.context.web.ServletTestExecutionListener, org.springframework.test.context.support.DirtiesContextBeforeModesTestExecutionListener, org.springframework.test.context.support.DependencyInjectionTestExecutionListener, org.springframework.test.context.support.DirtiesContextTestExecutionListener, org.springframework.test.context.transaction.TransactionalTestExecutionListener, org.springframework.test.context.jdbc.SqlScriptsTestExecutionListener, org.springframework.test.context.event.EventPublishingTestExecutionListener]
2020-09-26 23:10:43,668 INFO org.springframework.boot.test.context.SpringBootTestContextBootstrapper [main] Using TestExecutionListeners: [org.springframework.test.context.web.ServletTestExecutionListener@4d14b6c2, org.springframework.test.context.support.DirtiesContextBeforeModesTestExecutionListener@7e990ed7, org.springframework.boot.test.mock.mockito.MockitoTestExecutionListener@c05fddc, org.springframework.boot.test.autoconfigure.SpringBootDependencyInjectionTestExecutionListener@25df00a0, org.springframework.test.context.support.DirtiesContextTestExecutionListener@4d15107f, org.springframework.test.context.transaction.TransactionalTestExecutionListener@7b4c50bc, org.springframework.test.context.jdbc.SqlScriptsTestExecutionListener@5884a914, org.springframework.test.context.event.EventPublishingTestExecutionListener@50378a4, org.springframework.boot.test.mock.mockito.ResetMocksTestExecutionListener@60f00693, org.springframework.boot.test.autoconfigure.restdocs.RestDocsTestExecutionListener@79207381, org.springframework.boot.test.autoconfigure.web.client.MockRestServiceServerResetTestExecutionListener@491b9b8, org.springframework.boot.test.autoconfigure.web.servlet.MockMvcPrintOnlyOnFailureTestExecutionListener@1a4927d6, org.springframework.boot.test.autoconfigure.web.servlet.WebDriverTestExecutionListener@7a6d7e92, org.springframework.boot.test.autoconfigure.webservices.client.MockWebServiceServerTestExecutionListener@aba625]
2020-09-26 23:10:43,874 INFO com.sapient.training.app.SpringDataJpaAppApplicationTests [main] Starting SpringDataJpaAppApplicationTests on WKWIN0274891 with PID 21260 (started by nehchaud1 in C:\Users\nehchaud1\eclipse-workspace\pod2-repo)
2020-09-26 23:10:43,874 DEBUG com.sapient.training.app.SpringDataJpaAppApplicationTests [main] Running with Spring Boot v2.3.4.RELEASE, Spring v5.2.9.RELEASE
2020-09-26 23:10:43,875 INFO com.sapient.training.app.SpringDataJpaAppApplicationTests [main] No active profile set, falling back to default profiles: default
2020-09-26 23:10:44,345 INFO org.springframework.data.repository.config.RepositoryConfigurationDelegate [main] Bootstrapping Spring Data JPA repositories in DEFAULT mode.
2020-09-26 23:10:44,384 INFO org.springframework.data.repository.config.RepositoryConfigurationDelegate [main] Finished Spring Data repository scanning in 33ms. Found 1 JPA repository interfaces.
2020-09-26 23:10:45,094 INFO org.hibernate.jpa.internal.util.LogHelper [main] HHH000204: Processing PersistenceUnitInfo [name: default]
2020-09-26 23:10:45,132 INFO org.hibernate.Version [main] HHH000412: Hibernate ORM core version 5.4.21.Final
2020-09-26 23:10:45,290 INFO org.hibernate.annotations.common.Version [main] HCANN000001: Hibernate Commons Annotations {5.1.0.Final}
2020-09-26 23:10:45,545 INFO com.zaxxer.hikari.HikariDataSource [main] HikariPool-1 - Starting...
2020-09-26 23:10:46,957 INFO com.zaxxer.hikari.HikariDataSource [main] HikariPool-1 - Start completed.
2020-09-26 23:10:46,981 INFO org.hibernate.dialect.Dialect [main] HHH000400: Using dialect: org.hibernate.dialect.PostgreSQL10Dialect
2020-09-26 23:10:47,686 INFO org.hibernate.engine.transaction.jta.platform.internal.JtaPlatformInitiator [main] HHH000490: Using JtaPlatform implementation: [org.hibernate.engine.transaction.jta.platform.internal.NoJtaPlatform]
2020-09-26 23:10:47,695 INFO org.springframework.orm.jpa.LocalContainerEntityManagerFactoryBean [main] Initialized JPA EntityManagerFactory for persistence unit 'default'
2020-09-26 23:10:48,482 WARN org.springframework.boot.autoconfigure.orm.jpa.JpaBaseConfiguration$JpaWebConfiguration [main] spring.jpa.open-in-view is enabled by default. Therefore, database queries may be performed during view rendering. Explicitly configure spring.jpa.open-in-view to disable this warning
2020-09-26 23:10:48,891 INFO org.springframework.scheduling.concurrent.ThreadPoolTaskExecutor [main] Initializing ExecutorService 'applicationTaskExecutor'
2020-09-26 23:10:49,498 INFO org.springframework.boot.actuate.endpoint.web.EndpointLinksResolver [main] Exposing 2 endpoint(s) beneath base path '/actuator'
2020-09-26 23:10:49,551 INFO com.sapient.training.app.SpringDataJpaAppApplicationTests [main] Started SpringDataJpaAppApplicationTests in 5.85 seconds (JVM running for 6.951)
2020-09-26 23:10:49,831 INFO org.springframework.scheduling.concurrent.ThreadPoolTaskExecutor [SpringContextShutdownHook] Shutting down ExecutorService 'applicationTaskExecutor'
2020-09-26 23:10:49,833 INFO org.springframework.orm.jpa.LocalContainerEntityManagerFactoryBean [SpringContextShutdownHook] Closing JPA EntityManagerFactory for persistence unit 'default'
2020-09-26 23:10:49,835 INFO com.zaxxer.hikari.HikariDataSource [SpringContextShutdownHook] HikariPool-1 - Shutdown initiated...
2020-09-26 23:10:50,200 INFO com.zaxxer.hikari.HikariDataSource [SpringContextShutdownHook] HikariPool-1 - Shutdown completed.
2020-09-26 23:11:00,418 INFO org.springframework.boot.test.context.SpringBootTestContextBootstrapper [main] Neither @ContextConfiguration nor @ContextHierarchy found for test class [com.sapient.controller.EmployeeRestControllerIntegrationTest], using SpringBootContextLoader
2020-09-26 23:11:00,423 INFO org.springframework.test.context.support.AbstractContextLoader [main] Could not detect default resource locations for test class [com.sapient.controller.EmployeeRestControllerIntegrationTest]: no resource found for suffixes {-context.xml, Context.groovy}.
2020-09-26 23:11:00,577 INFO org.springframework.boot.test.context.SpringBootTestContextBootstrapper [main] Loaded default TestExecutionListener class names from location [META-INF/spring.factories]: [org.springframework.boot.test.mock.mockito.MockitoTestExecutionListener, org.springframework.boot.test.mock.mockito.ResetMocksTestExecutionListener, org.springframework.boot.test.autoconfigure.restdocs.RestDocsTestExecutionListener, org.springframework.boot.test.autoconfigure.web.client.MockRestServiceServerResetTestExecutionListener, org.springframework.boot.test.autoconfigure.web.servlet.MockMvcPrintOnlyOnFailureTestExecutionListener, org.springframework.boot.test.autoconfigure.web.servlet.WebDriverTestExecutionListener, org.springframework.boot.test.autoconfigure.webservices.client.MockWebServiceServerTestExecutionListener, org.springframework.test.context.web.ServletTestExecutionListener, org.springframework.test.context.support.DirtiesContextBeforeModesTestExecutionListener, org.springframework.test.context.support.DependencyInjectionTestExecutionListener, org.springframework.test.context.support.DirtiesContextTestExecutionListener, org.springframework.test.context.transaction.TransactionalTestExecutionListener, org.springframework.test.context.jdbc.SqlScriptsTestExecutionListener, org.springframework.test.context.event.EventPublishingTestExecutionListener]
2020-09-26 23:11:00,590 INFO org.springframework.boot.test.context.SpringBootTestContextBootstrapper [main] Using TestExecutionListeners: [org.springframework.test.context.web.ServletTestExecutionListener@68c9d179, org.springframework.test.context.support.DirtiesContextBeforeModesTestExecutionListener@d554c5f, org.springframework.boot.test.mock.mockito.MockitoTestExecutionListener@2dfaea86, org.springframework.boot.test.autoconfigure.SpringBootDependencyInjectionTestExecutionListener@15888343, org.springframework.test.context.support.DirtiesContextTestExecutionListener@33ecda92, org.springframework.test.context.transaction.TransactionalTestExecutionListener@14fc5f04, org.springframework.test.context.jdbc.SqlScriptsTestExecutionListener@6e2829c7, org.springframework.test.context.event.EventPublishingTestExecutionListener@3feb2dda, org.springframework.boot.test.mock.mockito.ResetMocksTestExecutionListener@6a8658ff, org.springframework.boot.test.autoconfigure.restdocs.RestDocsTestExecutionListener@1c742ed4, org.springframework.boot.test.autoconfigure.web.client.MockRestServiceServerResetTestExecutionListener@333d4a8c, org.springframework.boot.test.autoconfigure.web.servlet.MockMvcPrintOnlyOnFailureTestExecutionListener@55de24cc, org.springframework.boot.test.autoconfigure.web.servlet.WebDriverTestExecutionListener@dc7df28, org.springframework.boot.test.autoconfigure.webservices.client.MockWebServiceServerTestExecutionListener@30f842ca]
2020-09-26 23:11:00,823 INFO com.sapient.controller.EmployeeRestControllerIntegrationTest [main] Starting EmployeeRestControllerIntegrationTest on WKWIN0274891 with PID 14076 (started by nehchaud1 in C:\Users\nehchaud1\eclipse-workspace\pod2-repo)
2020-09-26 23:11:00,823 DEBUG com.sapient.controller.EmployeeRestControllerIntegrationTest [main] Running with Spring Boot v2.3.4.RELEASE, Spring v5.2.9.RELEASE
2020-09-26 23:11:00,823 INFO com.sapient.controller.EmployeeRestControllerIntegrationTest [main] No active profile set, falling back to default profiles: default
2020-09-26 23:11:01,348 INFO org.springframework.data.repository.config.RepositoryConfigurationDelegate [main] Bootstrapping Spring Data JPA repositories in DEFAULT mode.
2020-09-26 23:11:01,388 INFO org.springframework.data.repository.config.RepositoryConfigurationDelegate [main] Finished Spring Data repository scanning in 34ms. Found 1 JPA repository interfaces.
2020-09-26 23:11:02,392 INFO org.springframework.boot.web.embedded.tomcat.TomcatWebServer [main] Tomcat initialized with port(s): 0 (http)
2020-09-26 23:11:02,408 INFO org.apache.coyote.http11.Http11NioProtocol [main] Initializing ProtocolHandler ["http-nio-auto-1"]
2020-09-26 23:11:02,408 INFO org.apache.catalina.core.StandardService [main] Starting service [Tomcat]
2020-09-26 23:11:02,408 INFO org.apache.catalina.core.StandardEngine [main] Starting Servlet engine: [Apache Tomcat/9.0.38]
2020-09-26 23:11:02,536 INFO org.apache.catalina.core.ContainerBase.[Tomcat].[localhost].[/] [main] Initializing Spring embedded WebApplicationContext
2020-09-26 23:11:02,536 INFO org.springframework.boot.web.servlet.context.ServletWebServerApplicationContext [main] Root WebApplicationContext: initialization completed in 1699 ms
2020-09-26 23:11:02,958 INFO org.hibernate.jpa.internal.util.LogHelper [main] HHH000204: Processing PersistenceUnitInfo [name: default]
2020-09-26 23:11:03,019 INFO org.hibernate.Version [main] HHH000412: Hibernate ORM core version 5.4.21.Final
2020-09-26 23:11:03,156 INFO org.hibernate.annotations.common.Version [main] HCANN000001: Hibernate Commons Annotations {5.1.0.Final}
2020-09-26 23:11:03,246 INFO com.zaxxer.hikari.HikariDataSource [main] HikariPool-1 - Starting...
2020-09-26 23:11:04,618 INFO com.zaxxer.hikari.HikariDataSource [main] HikariPool-1 - Start completed.
2020-09-26 23:11:04,638 INFO org.hibernate.dialect.Dialect [main] HHH000400: Using dialect: org.hibernate.dialect.PostgreSQL10Dialect
2020-09-26 23:11:05,254 INFO org.hibernate.engine.transaction.jta.platform.internal.JtaPlatformInitiator [main] HHH000490: Using JtaPlatform implementation: [org.hibernate.engine.transaction.jta.platform.internal.NoJtaPlatform]
2020-09-26 23:11:05,255 INFO org.springframework.orm.jpa.LocalContainerEntityManagerFactoryBean [main] Initialized JPA EntityManagerFactory for persistence unit 'default'
2020-09-26 23:11:05,830 WARN org.springframework.boot.autoconfigure.orm.jpa.JpaBaseConfiguration$JpaWebConfiguration [main] spring.jpa.open-in-view is enabled by default. Therefore, database queries may be performed during view rendering. Explicitly configure spring.jpa.open-in-view to disable this warning
2020-09-26 23:11:06,095 INFO org.springframework.scheduling.concurrent.ThreadPoolTaskExecutor [main] Initializing ExecutorService 'applicationTaskExecutor'
2020-09-26 23:11:06,855 INFO org.apache.catalina.core.ContainerBase.[Tomcat].[localhost].[/] [main] Initializing Spring TestDispatcherServlet ''
2020-09-26 23:11:06,855 INFO org.springframework.test.web.servlet.TestDispatcherServlet [main] Initializing Servlet ''
2020-09-26 23:11:06,865 INFO org.springframework.boot.actuate.endpoint.web.EndpointLinksResolver [main] Exposing 2 endpoint(s) beneath base path '/actuator'
2020-09-26 23:11:06,903 INFO org.springframework.test.web.servlet.TestDispatcherServlet [main] Completed initialization in 48 ms
2020-09-26 23:11:06,951 INFO org.apache.coyote.http11.Http11NioProtocol [main] Starting ProtocolHandler ["http-nio-auto-1"]
2020-09-26 23:11:06,973 INFO org.springframework.boot.web.embedded.tomcat.TomcatWebServer [main] Tomcat started on port(s): 54834 (http) with context path ''
2020-09-26 23:11:06,990 INFO com.sapient.controller.EmployeeRestControllerIntegrationTest [main] Started EmployeeRestControllerIntegrationTest in 6.367 seconds (JVM running for 7.202)
2020-09-26 23:11:07,896 INFO org.springframework.scheduling.concurrent.ThreadPoolTaskExecutor [SpringContextShutdownHook] Shutting down ExecutorService 'applicationTaskExecutor'
2020-09-26 23:11:07,897 INFO org.springframework.orm.jpa.LocalContainerEntityManagerFactoryBean [SpringContextShutdownHook] Closing JPA EntityManagerFactory for persistence unit 'default'
2020-09-26 23:11:07,899 INFO com.zaxxer.hikari.HikariDataSource [SpringContextShutdownHook] HikariPool-1 - Shutdown initiated...
2020-09-26 23:11:07,961 INFO com.zaxxer.hikari.HikariDataSource [SpringContextShutdownHook] HikariPool-1 - Shutdown completed.
